[2024-02-22T05:20:03.893Z] Log level: Info
[2024-02-22T05:20:03.901Z] [info] Validating found git in: git
[2024-02-22T05:20:03.956Z] [info] Using git 2.25.1 from git
[2024-02-22T05:20:04.052Z] > git rev-parse --show-toplevel [63ms]
[2024-02-22T05:20:04.086Z] > git rev-parse --git-dir --git-common-dir [7ms]
[2024-02-22T05:20:04.095Z] [info] Open repository: /config/workspace
[2024-02-22T05:20:04.124Z] > git status -z -uall [3ms]
[2024-02-22T05:20:04.149Z] > git symbolic-ref --short HEAD [2ms]
[2024-02-22T05:20:04.297Z] > git for-each-ref --format=%(refname)%00%(upstream:short)%00%(objectname)%00%(upstream:track)%00%(upstream:remotename)%00%(upstream:remoteref) refs/heads/main refs/remotes/main [122ms]
[2024-02-22T05:20:04.356Z] > git remote --verbose [8ms]
[2024-02-22T05:20:04.356Z] > git for-each-ref --sort -committerdate --format %(refname) %(objectname) %(*objectname) [33ms]
[2024-02-22T05:20:04.575Z] > git config --get commit.template [188ms]
[2024-02-22T05:20:04.603Z] > git status -z -uall [3ms]
[2024-02-22T05:20:04.628Z] > git symbolic-ref --short HEAD [1ms]
[2024-02-22T05:20:04.654Z] > git for-each-ref --format=%(refname)%00%(upstream:short)%00%(objectname)%00%(upstream:track)%00%(upstream:remotename)%00%(upstream:remoteref) refs/heads/main refs/remotes/main [3ms]
[2024-02-22T05:20:04.701Z] > git for-each-ref --sort -committerdate --format %(refname) %(objectname) %(*objectname) [24ms]
[2024-02-22T05:20:04.706Z] > git remote --verbose [6ms]
[2024-02-22T05:20:04.737Z] > git config --get commit.template [3ms]
[2024-02-22T05:20:05.009Z] > git show --textconv :Flask app that displays Hello_World/output.jpg [26ms]
[2024-02-22T05:20:05.010Z] > git ls-files --stage -- /config/workspace/Flask app that displays Hello_World/output.jpg [3ms]
[2024-02-22T05:20:05.304Z] > git check-ignore -v -z --stdin [2ms]
[2024-02-22T05:20:05.509Z] > git show --textconv :Flask app that displays Hello_World/app1.py [29ms]
[2024-02-22T05:20:05.510Z] > git ls-files --stage -- /config/workspace/Flask app that displays Hello_World/app1.py [2ms]
[2024-02-22T05:20:22.263Z] > git show --textconv :Flask app that displays Hello_World/output.jpg [29ms]
[2024-02-22T05:20:22.264Z] > git ls-files --stage -- /config/workspace/Flask app that displays Hello_World/output.jpg [2ms]
[2024-02-22T05:20:25.708Z] > git status -z -uall [2ms]
[2024-02-22T05:20:25.723Z] > git symbolic-ref --short HEAD [2ms]
[2024-02-22T05:20:25.738Z] > git for-each-ref --format=%(refname)%00%(upstream:short)%00%(objectname)%00%(upstream:track)%00%(upstream:remotename)%00%(upstream:remoteref) refs/heads/main refs/remotes/main [1ms]
[2024-02-22T05:20:25.762Z] > git for-each-ref --sort -committerdate --format %(refname) %(objectname) %(*objectname) [14ms]
[2024-02-22T05:20:25.763Z] > git remote --verbose [3ms]
[2024-02-22T05:20:25.781Z] > git config --get commit.template [2ms]
[2024-02-22T05:20:34.510Z] > git status -z -uall [1ms]
[2024-02-22T05:20:34.523Z] > git symbolic-ref --short HEAD [2ms]
[2024-02-22T05:20:34.535Z] > git for-each-ref --format=%(refname)%00%(upstream:short)%00%(objectname)%00%(upstream:track)%00%(upstream:remotename)%00%(upstream:remoteref) refs/heads/main refs/remotes/main [1ms]
[2024-02-22T05:20:34.558Z] > git for-each-ref --sort -committerdate --format %(refname) %(objectname) %(*objectname) [12ms]
[2024-02-22T05:20:34.559Z] > git remote --verbose [2ms]
[2024-02-22T05:20:34.574Z] > git config --get commit.template [1ms]
[2024-02-22T05:21:41.074Z] > git check-ignore -v -z --stdin [1ms]
[2024-02-22T05:21:41.560Z] > git status -z -uall [2ms]
[2024-02-22T05:21:41.573Z] > git symbolic-ref --short HEAD [1ms]
[2024-02-22T05:21:41.587Z] > git for-each-ref --format=%(refname)%00%(upstream:short)%00%(objectname)%00%(upstream:track)%00%(upstream:remotename)%00%(upstream:remoteref) refs/heads/main refs/remotes/main [3ms]
[2024-02-22T05:21:41.611Z] > git for-each-ref --sort -committerdate --format %(refname) %(objectname) %(*objectname) [13ms]
[2024-02-22T05:21:41.611Z] > git remote --verbose [2ms]
[2024-02-22T05:21:41.626Z] > git config --get commit.template [1ms]
[2024-02-22T05:21:52.893Z] > git show --textconv :Flask app that displays Hello_World/output [12ms]
[2024-02-22T05:21:52.895Z] > git ls-files --stage -- /config/workspace/Flask app that displays Hello_World/output [2ms]
[2024-02-22T05:21:53.042Z] > git check-ignore -v -z --stdin [1ms]
[2024-02-22T05:21:53.583Z] > git status -z -uall [2ms]
[2024-02-22T05:21:53.596Z] > git symbolic-ref --short HEAD [2ms]
[2024-02-22T05:21:53.609Z] > git for-each-ref --format=%(refname)%00%(upstream:short)%00%(objectname)%00%(upstream:track)%00%(upstream:remotename)%00%(upstream:remoteref) refs/heads/main refs/remotes/main [2ms]
[2024-02-22T05:21:53.632Z] > git for-each-ref --sort -committerdate --format %(refname) %(objectname) %(*objectname) [12ms]
[2024-02-22T05:21:53.633Z] > git remote --verbose [2ms]
[2024-02-22T05:21:53.648Z] > git config --get commit.template [2ms]
[2024-02-22T05:21:58.663Z] > git status -z -uall [1ms]
[2024-02-22T05:21:58.675Z] > git symbolic-ref --short HEAD [1ms]
[2024-02-22T05:21:58.688Z] > git for-each-ref --format=%(refname)%00%(upstream:short)%00%(objectname)%00%(upstream:track)%00%(upstream:remotename)%00%(upstream:remoteref) refs/heads/main refs/remotes/main [1ms]
[2024-02-22T05:21:58.712Z] > git for-each-ref --sort -committerdate --format %(refname) %(objectname) %(*objectname) [12ms]
[2024-02-22T05:21:58.713Z] > git remote --verbose [2ms]
[2024-02-22T05:21:58.730Z] > git config --get commit.template [1ms]
[2024-02-22T05:23:41.791Z] > git status -z -uall [2ms]
[2024-02-22T05:23:41.803Z] > git symbolic-ref --short HEAD [1ms]
[2024-02-22T05:23:41.816Z] > git for-each-ref --format=%(refname)%00%(upstream:short)%00%(objectname)%00%(upstream:track)%00%(upstream:remotename)%00%(upstream:remoteref) refs/heads/main refs/remotes/main [1ms]
[2024-02-22T05:23:41.840Z] > git for-each-ref --sort -committerdate --format %(refname) %(objectname) %(*objectname) [13ms]
[2024-02-22T05:23:41.840Z] > git remote --verbose [1ms]
[2024-02-22T05:23:41.855Z] > git config --get commit.template [2ms]
[2024-02-22T05:29:54.121Z] > git show --textconv :Flask app that displays Hello_World/app1.py [12ms]
[2024-02-22T05:29:54.122Z] > git ls-files --stage -- /config/workspace/Flask app that displays Hello_World/app1.py [2ms]
[2024-02-22T05:30:14.227Z] > git show --textconv :Flask app that displays Hello_World/output [13ms]
[2024-02-22T05:30:14.228Z] > git ls-files --stage -- /config/workspace/Flask app that displays Hello_World/output [2ms]
[2024-02-22T05:30:35.361Z] > git show --textconv :Flask app that displays Hello_World/app1.py [10ms]
[2024-02-22T05:30:35.362Z] > git ls-files --stage -- /config/workspace/Flask app that displays Hello_World/app1.py [2ms]
[2024-02-22T05:30:36.134Z] > git show --textconv :Flask app that displays Hello_World/output [14ms]
[2024-02-22T05:30:36.135Z] > git ls-files --stage -- /config/workspace/Flask app that displays Hello_World/output [5ms]
[2024-02-22T05:33:30.906Z] > git log --format=%H%n%aN%n%aE%n%at%n%ct%n%P%n%D%n%B -z -n21 -- /config/workspace/Flask app that displays Hello_World/output [3ms]
[2024-02-22T05:36:00.095Z] > git show --textconv :Flask app that displays Hello_World/app1.py [12ms]
[2024-02-22T05:36:00.096Z] > git ls-files --stage -- /config/workspace/Flask app that displays Hello_World/app1.py [2ms]
[2024-02-22T05:36:07.486Z] > git status -z -uall [2ms]
[2024-02-22T05:36:07.500Z] > git symbolic-ref --short HEAD [1ms]
[2024-02-22T05:36:07.513Z] > git for-each-ref --format=%(refname)%00%(upstream:short)%00%(objectname)%00%(upstream:track)%00%(upstream:remotename)%00%(upstream:remoteref) refs/heads/main refs/remotes/main [2ms]
[2024-02-22T05:36:07.537Z] > git for-each-ref --sort -committerdate --format %(refname) %(objectname) %(*objectname) [13ms]
[2024-02-22T05:36:07.537Z] > git remote --verbose [1ms]
[2024-02-22T05:36:07.553Z] > git config --get commit.template [2ms]
[2024-02-22T05:36:59.708Z] > git show --textconv :Flask app that displays Hello_World/app.py [12ms]
[2024-02-22T05:36:59.709Z] > git ls-files --stage -- /config/workspace/Flask app that displays Hello_World/app.py [2ms]
[2024-02-22T05:36:59.874Z] > git check-ignore -v -z --stdin [1ms]
[2024-02-22T05:37:00.300Z] > git status -z -uall [3ms]
[2024-02-22T05:37:00.313Z] > git symbolic-ref --short HEAD [1ms]
[2024-02-22T05:37:00.326Z] > git for-each-ref --format=%(refname)%00%(upstream:short)%00%(objectname)%00%(upstream:track)%00%(upstream:remotename)%00%(upstream:remoteref) refs/heads/main refs/remotes/main [2ms]
[2024-02-22T05:37:00.350Z] > git for-each-ref --sort -committerdate --format %(refname) %(objectname) %(*objectname) [13ms]
[2024-02-22T05:37:00.350Z] > git remote --verbose [1ms]
[2024-02-22T05:37:00.365Z] > git config --get commit.template [1ms]
