[2024-02-22T05:08:21.246Z] Log level: Info
[2024-02-22T05:08:21.255Z] [info] Validating found git in: git
[2024-02-22T05:08:21.300Z] [info] Using git 2.25.1 from git
[2024-02-22T05:08:21.377Z] > git rev-parse --show-toplevel [58ms]
[2024-02-22T05:08:21.392Z] > git rev-parse --git-dir --git-common-dir [3ms]
[2024-02-22T05:08:21.401Z] [info] Open repository: /config/workspace
[2024-02-22T05:08:21.415Z] > git status -z -uall [3ms]
[2024-02-22T05:08:21.425Z] > git symbolic-ref --short HEAD [1ms]
[2024-02-22T05:08:21.436Z] > git for-each-ref --format=%(refname)%00%(upstream:short)%00%(objectname)%00%(upstream:track)%00%(upstream:remotename)%00%(upstream:remoteref) refs/heads/main refs/remotes/main [2ms]
[2024-02-22T05:08:21.455Z] > git remote --verbose [2ms]
[2024-02-22T05:08:21.456Z] > git for-each-ref --sort -committerdate --format %(refname) %(objectname) %(*objectname) [11ms]
[2024-02-22T05:08:21.495Z] > git config --get commit.template [24ms]
[2024-02-22T05:08:21.507Z] > git status -z -uall [3ms]
[2024-02-22T05:08:21.523Z] > git symbolic-ref --short HEAD [7ms]
[2024-02-22T05:08:21.533Z] > git for-each-ref --format=%(refname)%00%(upstream:short)%00%(objectname)%00%(upstream:track)%00%(upstream:remotename)%00%(upstream:remoteref) refs/heads/main refs/remotes/main [2ms]
[2024-02-22T05:08:21.557Z] > git for-each-ref --sort -committerdate --format %(refname) %(objectname) %(*objectname) [15ms]
[2024-02-22T05:08:21.558Z] > git remote --verbose [4ms]
[2024-02-22T05:08:21.571Z] > git config --get commit.template [2ms]
[2024-02-22T05:08:22.018Z] > git check-ignore -v -z --stdin [2ms]
[2024-02-22T05:08:23.378Z] > git show --textconv :app.py [14ms]
[2024-02-22T05:08:23.380Z] > git ls-files --stage -- /config/workspace/app.py [3ms]
[2024-02-22T05:08:23.393Z] > git cat-file -s 93e7162251e6d3eee49e53c7684f46971b92a382 [2ms]
[2024-02-22T05:08:26.163Z] > git show --textconv :requirements.txt [13ms]
[2024-02-22T05:08:26.164Z] > git ls-files --stage -- /config/workspace/requirements.txt [2ms]
[2024-02-22T05:08:26.177Z] > git cat-file -s e3e9a71d9f687a46ab77667fac81f8863367a023 [1ms]
[2024-02-22T05:08:26.259Z] > git status -z -uall [3ms]
[2024-02-22T05:08:26.272Z] > git symbolic-ref --short HEAD [1ms]
[2024-02-22T05:08:26.286Z] > git for-each-ref --format=%(refname)%00%(upstream:short)%00%(objectname)%00%(upstream:track)%00%(upstream:remotename)%00%(upstream:remoteref) refs/heads/main refs/remotes/main [2ms]
[2024-02-22T05:08:26.312Z] > git remote --verbose [3ms]
[2024-02-22T05:08:26.313Z] > git for-each-ref --sort -committerdate --format %(refname) %(objectname) %(*objectname) [15ms]
[2024-02-22T05:08:26.332Z] > git config --get commit.template [1ms]
[2024-02-22T05:08:31.348Z] > git status -z -uall [2ms]
[2024-02-22T05:08:31.361Z] > git symbolic-ref --short HEAD [1ms]
[2024-02-22T05:08:31.375Z] > git for-each-ref --format=%(refname)%00%(upstream:short)%00%(objectname)%00%(upstream:track)%00%(upstream:remotename)%00%(upstream:remoteref) refs/heads/main refs/remotes/main [2ms]
[2024-02-22T05:08:31.400Z] > git for-each-ref --sort -committerdate --format %(refname) %(objectname) %(*objectname) [13ms]
[2024-02-22T05:08:31.400Z] > git remote --verbose [2ms]
[2024-02-22T05:08:31.416Z] > git config --get commit.template [2ms]
[2024-02-22T05:08:34.910Z] > git check-ignore -v -z --stdin [2ms]
[2024-02-22T05:09:01.123Z] > git check-ignore -v -z --stdin [1ms]
[2024-02-22T05:09:01.551Z] > git status -z -uall [3ms]
[2024-02-22T05:09:01.576Z] > git symbolic-ref --short HEAD [1ms]
[2024-02-22T05:09:01.602Z] > git for-each-ref --format=%(refname)%00%(upstream:short)%00%(objectname)%00%(upstream:track)%00%(upstream:remotename)%00%(upstream:remoteref) refs/heads/main refs/remotes/main [2ms]
[2024-02-22T05:09:01.651Z] > git for-each-ref --sort -committerdate --format %(refname) %(objectname) %(*objectname) [25ms]
[2024-02-22T05:09:01.652Z] > git remote --verbose [2ms]
[2024-02-22T05:09:01.681Z] > git config --get commit.template [1ms]
[2024-02-22T05:09:06.959Z] > git show --textconv :Create a Flask app that displays "Hello, World!" on the homepage./app1.py [25ms]
[2024-02-22T05:09:06.961Z] > git ls-files --stage -- /config/workspace/Create a Flask app that displays "Hello, World!" on the homepage./app1.py [3ms]
[2024-02-22T05:09:07.040Z] > git check-ignore -v -z --stdin [4ms]
[2024-02-22T05:09:07.476Z] > git status -z -uall [2ms]
[2024-02-22T05:09:07.501Z] > git symbolic-ref --short HEAD [1ms]
[2024-02-22T05:09:07.527Z] > git for-each-ref --format=%(refname)%00%(upstream:short)%00%(objectname)%00%(upstream:track)%00%(upstream:remotename)%00%(upstream:remoteref) refs/heads/main refs/remotes/main [2ms]
[2024-02-22T05:09:07.575Z] > git for-each-ref --sort -committerdate --format %(refname) %(objectname) %(*objectname) [24ms]
[2024-02-22T05:09:07.575Z] > git remote --verbose [2ms]
[2024-02-22T05:09:07.601Z] > git config --get commit.template [1ms]
[2024-02-22T05:09:33.491Z] > git status -z -uall [3ms]
[2024-02-22T05:09:33.506Z] > git symbolic-ref --short HEAD [2ms]
[2024-02-22T05:09:33.522Z] > git for-each-ref --format=%(refname)%00%(upstream:short)%00%(objectname)%00%(upstream:track)%00%(upstream:remotename)%00%(upstream:remoteref) refs/heads/main refs/remotes/main [2ms]
[2024-02-22T05:09:33.552Z] > git for-each-ref --sort -committerdate --format %(refname) %(objectname) %(*objectname) [16ms]
[2024-02-22T05:09:33.553Z] > git remote --verbose [2ms]
[2024-02-22T05:09:33.570Z] > git config --get commit.template [2ms]
[2024-02-22T05:09:43.158Z] > git status -z -uall [2ms]
[2024-02-22T05:09:43.172Z] > git symbolic-ref --short HEAD [1ms]
[2024-02-22T05:09:43.186Z] > git for-each-ref --format=%(refname)%00%(upstream:short)%00%(objectname)%00%(upstream:track)%00%(upstream:remotename)%00%(upstream:remoteref) refs/heads/main refs/remotes/main [1ms]
[2024-02-22T05:09:43.212Z] > git for-each-ref --sort -committerdate --format %(refname) %(objectname) %(*objectname) [15ms]
[2024-02-22T05:09:43.212Z] > git remote --verbose [2ms]
[2024-02-22T05:09:43.228Z] > git config --get commit.template [1ms]
[2024-02-22T05:09:48.245Z] > git status -z -uall [3ms]
[2024-02-22T05:09:48.261Z] > git symbolic-ref --short HEAD [2ms]
[2024-02-22T05:09:48.275Z] > git for-each-ref --format=%(refname)%00%(upstream:short)%00%(objectname)%00%(upstream:track)%00%(upstream:remotename)%00%(upstream:remoteref) refs/heads/main refs/remotes/main [2ms]
[2024-02-22T05:09:48.298Z] > git for-each-ref --sort -committerdate --format %(refname) %(objectname) %(*objectname) [12ms]
[2024-02-22T05:09:48.299Z] > git remote --verbose [2ms]
[2024-02-22T05:09:48.314Z] > git config --get commit.template [1ms]
[2024-02-22T05:09:53.330Z] > git status -z -uall [2ms]
[2024-02-22T05:09:53.344Z] > git symbolic-ref --short HEAD [1ms]
[2024-02-22T05:09:53.360Z] > git for-each-ref --format=%(refname)%00%(upstream:short)%00%(objectname)%00%(upstream:track)%00%(upstream:remotename)%00%(upstream:remoteref) refs/heads/main refs/remotes/main [2ms]
[2024-02-22T05:09:53.385Z] > git for-each-ref --sort -committerdate --format %(refname) %(objectname) %(*objectname) [13ms]
[2024-02-22T05:09:53.386Z] > git remote --verbose [2ms]
[2024-02-22T05:09:53.401Z] > git config --get commit.template [1ms]
[2024-02-22T05:09:58.417Z] > git status -z -uall [2ms]
[2024-02-22T05:09:58.432Z] > git symbolic-ref --short HEAD [2ms]
[2024-02-22T05:09:58.446Z] > git for-each-ref --format=%(refname)%00%(upstream:short)%00%(objectname)%00%(upstream:track)%00%(upstream:remotename)%00%(upstream:remoteref) refs/heads/main refs/remotes/main [2ms]
[2024-02-22T05:09:58.472Z] > git for-each-ref --sort -committerdate --format %(refname) %(objectname) %(*objectname) [14ms]
[2024-02-22T05:09:58.473Z] > git remote --verbose [3ms]
[2024-02-22T05:09:58.488Z] > git config --get commit.template [1ms]
[2024-02-22T05:10:03.504Z] > git status -z -uall [2ms]
[2024-02-22T05:10:03.519Z] > git symbolic-ref --short HEAD [3ms]
[2024-02-22T05:10:03.533Z] > git for-each-ref --format=%(refname)%00%(upstream:short)%00%(objectname)%00%(upstream:track)%00%(upstream:remotename)%00%(upstream:remoteref) refs/heads/main refs/remotes/main [2ms]
[2024-02-22T05:10:03.559Z] > git for-each-ref --sort -committerdate --format %(refname) %(objectname) %(*objectname) [14ms]
[2024-02-22T05:10:03.559Z] > git remote --verbose [2ms]
[2024-02-22T05:10:03.580Z] > git config --get commit.template [2ms]
[2024-02-22T05:10:08.596Z] > git status -z -uall [2ms]
[2024-02-22T05:10:08.610Z] > git symbolic-ref --short HEAD [1ms]
[2024-02-22T05:10:08.624Z] > git for-each-ref --format=%(refname)%00%(upstream:short)%00%(objectname)%00%(upstream:track)%00%(upstream:remotename)%00%(upstream:remoteref) refs/heads/main refs/remotes/main [2ms]
[2024-02-22T05:10:08.649Z] > git for-each-ref --sort -committerdate --format %(refname) %(objectname) %(*objectname) [13ms]
[2024-02-22T05:10:08.650Z] > git remote --verbose [2ms]
[2024-02-22T05:10:08.666Z] > git config --get commit.template [2ms]
[2024-02-22T05:10:13.681Z] > git status -z -uall [2ms]
[2024-02-22T05:10:13.695Z] > git symbolic-ref --short HEAD [1ms]
[2024-02-22T05:10:13.709Z] > git for-each-ref --format=%(refname)%00%(upstream:short)%00%(objectname)%00%(upstream:track)%00%(upstream:remotename)%00%(upstream:remoteref) refs/heads/main refs/remotes/main [1ms]
[2024-02-22T05:10:13.735Z] > git for-each-ref --sort -committerdate --format %(refname) %(objectname) %(*objectname) [13ms]
[2024-02-22T05:10:13.736Z] > git remote --verbose [2ms]
[2024-02-22T05:10:13.753Z] > git config --get commit.template [1ms]
[2024-02-22T05:10:18.771Z] > git status -z -uall [2ms]
[2024-02-22T05:10:18.787Z] > git symbolic-ref --short HEAD [3ms]
[2024-02-22T05:10:18.801Z] > git for-each-ref --format=%(refname)%00%(upstream:short)%00%(objectname)%00%(upstream:track)%00%(upstream:remotename)%00%(upstream:remoteref) refs/heads/main refs/remotes/main [1ms]
[2024-02-22T05:10:18.826Z] > git for-each-ref --sort -committerdate --format %(refname) %(objectname) %(*objectname) [13ms]
[2024-02-22T05:10:18.826Z] > git remote --verbose [1ms]
[2024-02-22T05:10:18.843Z] > git config --get commit.template [1ms]
[2024-02-22T05:10:23.859Z] > git status -z -uall [2ms]
[2024-02-22T05:10:23.874Z] > git symbolic-ref --short HEAD [1ms]
[2024-02-22T05:10:23.888Z] > git for-each-ref --format=%(refname)%00%(upstream:short)%00%(objectname)%00%(upstream:track)%00%(upstream:remotename)%00%(upstream:remoteref) refs/heads/main refs/remotes/main [1ms]
[2024-02-22T05:10:23.914Z] > git for-each-ref --sort -committerdate --format %(refname) %(objectname) %(*objectname) [13ms]
[2024-02-22T05:10:23.914Z] > git remote --verbose [1ms]
[2024-02-22T05:10:23.931Z] > git config --get commit.template [1ms]
[2024-02-22T05:10:28.948Z] > git status -z -uall [2ms]
[2024-02-22T05:10:28.963Z] > git symbolic-ref --short HEAD [2ms]
[2024-02-22T05:10:28.977Z] > git for-each-ref --format=%(refname)%00%(upstream:short)%00%(objectname)%00%(upstream:track)%00%(upstream:remotename)%00%(upstream:remoteref) refs/heads/main refs/remotes/main [1ms]
[2024-02-22T05:10:29.004Z] > git for-each-ref --sort -committerdate --format %(refname) %(objectname) %(*objectname) [14ms]
[2024-02-22T05:10:29.005Z] > git remote --verbose [3ms]
[2024-02-22T05:10:29.021Z] > git config --get commit.template [2ms]
[2024-02-22T05:10:34.038Z] > git status -z -uall [3ms]
[2024-02-22T05:10:34.052Z] > git symbolic-ref --short HEAD [1ms]
[2024-02-22T05:10:34.066Z] > git for-each-ref --format=%(refname)%00%(upstream:short)%00%(objectname)%00%(upstream:track)%00%(upstream:remotename)%00%(upstream:remoteref) refs/heads/main refs/remotes/main [2ms]
[2024-02-22T05:10:34.092Z] > git remote --verbose [2ms]
[2024-02-22T05:10:34.092Z] > git for-each-ref --sort -committerdate --format %(refname) %(objectname) %(*objectname) [14ms]
[2024-02-22T05:10:34.107Z] > git config --get commit.template [1ms]
[2024-02-22T05:10:39.123Z] > git status -z -uall [2ms]
[2024-02-22T05:10:39.136Z] > git symbolic-ref --short HEAD [1ms]
[2024-02-22T05:10:39.151Z] > git for-each-ref --format=%(refname)%00%(upstream:short)%00%(objectname)%00%(upstream:track)%00%(upstream:remotename)%00%(upstream:remoteref) refs/heads/main refs/remotes/main [2ms]
[2024-02-22T05:10:39.176Z] > git for-each-ref --sort -committerdate --format %(refname) %(objectname) %(*objectname) [13ms]
[2024-02-22T05:10:39.177Z] > git remote --verbose [2ms]
[2024-02-22T05:10:39.192Z] > git config --get commit.template [1ms]
[2024-02-22T05:10:44.208Z] > git status -z -uall [2ms]
[2024-02-22T05:10:44.222Z] > git symbolic-ref --short HEAD [1ms]
[2024-02-22T05:10:44.236Z] > git for-each-ref --format=%(refname)%00%(upstream:short)%00%(objectname)%00%(upstream:track)%00%(upstream:remotename)%00%(upstream:remoteref) refs/heads/main refs/remotes/main [1ms]
[2024-02-22T05:10:44.266Z] > git for-each-ref --sort -committerdate --format %(refname) %(objectname) %(*objectname) [17ms]
[2024-02-22T05:10:44.266Z] > git remote --verbose [1ms]
[2024-02-22T05:10:44.283Z] > git config --get commit.template [1ms]
[2024-02-22T05:10:49.345Z] > git status -z -uall [2ms]
[2024-02-22T05:10:49.361Z] > git symbolic-ref --short HEAD [1ms]
[2024-02-22T05:10:49.377Z] > git for-each-ref --format=%(refname)%00%(upstream:short)%00%(objectname)%00%(upstream:track)%00%(upstream:remotename)%00%(upstream:remoteref) refs/heads/main refs/remotes/main [2ms]
[2024-02-22T05:10:49.406Z] > git for-each-ref --sort -committerdate --format %(refname) %(objectname) %(*objectname) [16ms]
[2024-02-22T05:10:49.406Z] > git remote --verbose [2ms]
[2024-02-22T05:10:49.424Z] > git config --get commit.template [1ms]
[2024-02-22T05:10:54.440Z] > git status -z -uall [2ms]
[2024-02-22T05:10:54.454Z] > git symbolic-ref --short HEAD [2ms]
[2024-02-22T05:10:54.468Z] > git for-each-ref --format=%(refname)%00%(upstream:short)%00%(objectname)%00%(upstream:track)%00%(upstream:remotename)%00%(upstream:remoteref) refs/heads/main refs/remotes/main [2ms]
[2024-02-22T05:10:54.493Z] > git for-each-ref --sort -committerdate --format %(refname) %(objectname) %(*objectname) [13ms]
[2024-02-22T05:10:54.494Z] > git remote --verbose [2ms]
[2024-02-22T05:10:54.511Z] > git config --get commit.template [1ms]
[2024-02-22T05:10:59.527Z] > git status -z -uall [2ms]
[2024-02-22T05:10:59.541Z] > git symbolic-ref --short HEAD [2ms]
[2024-02-22T05:10:59.554Z] > git for-each-ref --format=%(refname)%00%(upstream:short)%00%(objectname)%00%(upstream:track)%00%(upstream:remotename)%00%(upstream:remoteref) refs/heads/main refs/remotes/main [1ms]
[2024-02-22T05:10:59.583Z] > git for-each-ref --sort -committerdate --format %(refname) %(objectname) %(*objectname) [14ms]
[2024-02-22T05:10:59.583Z] > git remote --verbose [1ms]
[2024-02-22T05:10:59.599Z] > git config --get commit.template [1ms]
[2024-02-22T05:11:04.613Z] > git status -z -uall [2ms]
[2024-02-22T05:11:04.627Z] > git symbolic-ref --short HEAD [2ms]
[2024-02-22T05:11:04.641Z] > git for-each-ref --format=%(refname)%00%(upstream:short)%00%(objectname)%00%(upstream:track)%00%(upstream:remotename)%00%(upstream:remoteref) refs/heads/main refs/remotes/main [2ms]
[2024-02-22T05:11:04.666Z] > git for-each-ref --sort -committerdate --format %(refname) %(objectname) %(*objectname) [13ms]
[2024-02-22T05:11:04.666Z] > git remote --verbose [1ms]
[2024-02-22T05:11:04.681Z] > git config --get commit.template [1ms]
[2024-02-22T05:11:09.696Z] > git status -z -uall [2ms]
[2024-02-22T05:11:09.710Z] > git symbolic-ref --short HEAD [2ms]
[2024-02-22T05:11:09.723Z] > git for-each-ref --format=%(refname)%00%(upstream:short)%00%(objectname)%00%(upstream:track)%00%(upstream:remotename)%00%(upstream:remoteref) refs/heads/main refs/remotes/main [1ms]
[2024-02-22T05:11:09.752Z] > git for-each-ref --sort -committerdate --format %(refname) %(objectname) %(*objectname) [14ms]
[2024-02-22T05:11:09.752Z] > git remote --verbose [1ms]
[2024-02-22T05:11:09.767Z] > git config --get commit.template [1ms]
[2024-02-22T05:11:14.782Z] > git status -z -uall [2ms]
[2024-02-22T05:11:14.795Z] > git symbolic-ref --short HEAD [1ms]
[2024-02-22T05:11:14.809Z] > git for-each-ref --format=%(refname)%00%(upstream:short)%00%(objectname)%00%(upstream:track)%00%(upstream:remotename)%00%(upstream:remoteref) refs/heads/main refs/remotes/main [2ms]
[2024-02-22T05:11:14.834Z] > git for-each-ref --sort -committerdate --format %(refname) %(objectname) %(*objectname) [13ms]
[2024-02-22T05:11:14.834Z] > git remote --verbose [1ms]
[2024-02-22T05:11:14.852Z] > git config --get commit.template [1ms]
[2024-02-22T05:11:19.870Z] > git status -z -uall [4ms]
[2024-02-22T05:11:19.884Z] > git symbolic-ref --short HEAD [2ms]
[2024-02-22T05:11:19.898Z] > git for-each-ref --format=%(refname)%00%(upstream:short)%00%(objectname)%00%(upstream:track)%00%(upstream:remotename)%00%(upstream:remoteref) refs/heads/main refs/remotes/main [2ms]
[2024-02-22T05:11:19.923Z] > git for-each-ref --sort -committerdate --format %(refname) %(objectname) %(*objectname) [13ms]
[2024-02-22T05:11:19.924Z] > git remote --verbose [2ms]
[2024-02-22T05:11:19.938Z] > git config --get commit.template [2ms]
[2024-02-22T05:11:24.979Z] > git status -z -uall [2ms]
[2024-02-22T05:11:24.993Z] > git symbolic-ref --short HEAD [1ms]
[2024-02-22T05:11:25.007Z] > git for-each-ref --format=%(refname)%00%(upstream:short)%00%(objectname)%00%(upstream:track)%00%(upstream:remotename)%00%(upstream:remoteref) refs/heads/main refs/remotes/main [2ms]
[2024-02-22T05:11:25.034Z] > git remote --verbose [3ms]
[2024-02-22T05:11:25.035Z] > git for-each-ref --sort -committerdate --format %(refname) %(objectname) %(*objectname) [16ms]
[2024-02-22T05:11:25.050Z] > git config --get commit.template [2ms]
[2024-02-22T05:11:56.903Z] > git show --textconv :Create a Flask app that displays "Hello, World!" on the homepage./app1.py [14ms]
[2024-02-22T05:11:56.904Z] > git ls-files --stage -- /config/workspace/Create a Flask app that displays "Hello, World!" on the homepage./app1.py [2ms]
[2024-02-22T05:13:14.823Z] > git show --textconv :Flask app that displays "Hello, World!" /app1.py [17ms]
[2024-02-22T05:13:14.825Z] > git ls-files --stage -- /config/workspace/Flask app that displays "Hello, World!" /app1.py [2ms]
[2024-02-22T05:13:15.028Z] > git check-ignore -v -z --stdin [2ms]
[2024-02-22T05:13:15.271Z] > git status -z -uall [2ms]
[2024-02-22T05:13:15.287Z] > git symbolic-ref --short HEAD [1ms]
[2024-02-22T05:13:15.304Z] > git for-each-ref --format=%(refname)%00%(upstream:short)%00%(objectname)%00%(upstream:track)%00%(upstream:remotename)%00%(upstream:remoteref) refs/heads/main refs/remotes/main [2ms]
[2024-02-22T05:13:15.335Z] > git for-each-ref --sort -committerdate --format %(refname) %(objectname) %(*objectname) [16ms]
[2024-02-22T05:13:15.335Z] > git remote --verbose [2ms]
[2024-02-22T05:13:15.353Z] > git config --get commit.template [1ms]
[2024-02-22T05:13:32.325Z] > git show --textconv :Flask app that displays Hello, World!/app1.py [17ms]
[2024-02-22T05:13:32.327Z] > git ls-files --stage -- /config/workspace/Flask app that displays Hello, World!/app1.py [3ms]
[2024-02-22T05:13:32.484Z] > git check-ignore -v -z --stdin [1ms]
[2024-02-22T05:13:32.748Z] > git status -z -uall [2ms]
[2024-02-22T05:13:32.762Z] > git symbolic-ref --short HEAD [1ms]
[2024-02-22T05:13:32.776Z] > git for-each-ref --format=%(refname)%00%(upstream:short)%00%(objectname)%00%(upstream:track)%00%(upstream:remotename)%00%(upstream:remoteref) refs/heads/main refs/remotes/main [2ms]
[2024-02-22T05:13:32.801Z] > git for-each-ref --sort -committerdate --format %(refname) %(objectname) %(*objectname) [13ms]
[2024-02-22T05:13:32.801Z] > git remote --verbose [1ms]
[2024-02-22T05:13:32.817Z] > git config --get commit.template [1ms]
[2024-02-22T05:13:46.053Z] > git show --textconv :Flask app that displays Hello, World/app1.py [15ms]
[2024-02-22T05:13:46.054Z] > git ls-files --stage -- /config/workspace/Flask app that displays Hello, World/app1.py [1ms]
[2024-02-22T05:13:46.214Z] > git check-ignore -v -z --stdin [1ms]
[2024-02-22T05:13:46.496Z] > git status -z -uall [2ms]
[2024-02-22T05:13:46.513Z] > git symbolic-ref --short HEAD [1ms]
[2024-02-22T05:13:46.530Z] > git for-each-ref --format=%(refname)%00%(upstream:short)%00%(objectname)%00%(upstream:track)%00%(upstream:remotename)%00%(upstream:remoteref) refs/heads/main refs/remotes/main [1ms]
[2024-02-22T05:13:46.560Z] > git for-each-ref --sort -committerdate --format %(refname) %(objectname) %(*objectname) [15ms]
[2024-02-22T05:13:46.561Z] > git remote --verbose [2ms]
[2024-02-22T05:13:46.578Z] > git config --get commit.template [1ms]
[2024-02-22T05:14:07.996Z] > git show --textconv :Flask app that displays Hello, World/output [16ms]
[2024-02-22T05:14:07.997Z] > git ls-files --stage -- /config/workspace/Flask app that displays Hello, World/output [1ms]
[2024-02-22T05:14:08.148Z] > git check-ignore -v -z --stdin [1ms]
[2024-02-22T05:14:08.594Z] > git status -z -uall [2ms]
[2024-02-22T05:14:08.610Z] > git symbolic-ref --short HEAD [1ms]
[2024-02-22T05:14:08.627Z] > git for-each-ref --format=%(refname)%00%(upstream:short)%00%(objectname)%00%(upstream:track)%00%(upstream:remotename)%00%(upstream:remoteref) refs/heads/main refs/remotes/main [2ms]
[2024-02-22T05:14:08.658Z] > git for-each-ref --sort -committerdate --format %(refname) %(objectname) %(*objectname) [16ms]
[2024-02-22T05:14:08.658Z] > git remote --verbose [1ms]
[2024-02-22T05:14:08.677Z] > git config --get commit.template [1ms]
[2024-02-22T05:14:12.474Z] > git show --textconv :Flask app that displays Hello, World/app1.py [16ms]
[2024-02-22T05:14:12.476Z] > git ls-files --stage -- /config/workspace/Flask app that displays Hello, World/app1.py [3ms]
[2024-02-22T05:14:29.500Z] > git show --textconv :Flask app that displays "Hello, World"/app1.py [17ms]
[2024-02-22T05:14:29.501Z] > git ls-files --stage -- /config/workspace/Flask app that displays "Hello, World"/app1.py [2ms]
[2024-02-22T05:14:29.656Z] > git check-ignore -v -z --stdin [2ms]
[2024-02-22T05:14:29.940Z] > git status -z -uall [2ms]
[2024-02-22T05:14:29.957Z] > git symbolic-ref --short HEAD [2ms]
[2024-02-22T05:14:29.973Z] > git for-each-ref --format=%(refname)%00%(upstream:short)%00%(objectname)%00%(upstream:track)%00%(upstream:remotename)%00%(upstream:remoteref) refs/heads/main refs/remotes/main [1ms]
[2024-02-22T05:14:30.006Z] > git for-each-ref --sort -committerdate --format %(refname) %(objectname) %(*objectname) [18ms]
[2024-02-22T05:14:30.006Z] > git remote --verbose [1ms]
[2024-02-22T05:14:30.024Z] > git config --get commit.template [1ms]
[2024-02-22T05:14:47.378Z] > git show --textconv :Flask app that displays Hello_World/app1.py [14ms]
[2024-02-22T05:14:47.379Z] > git ls-files --stage -- /config/workspace/Flask app that displays Hello_World/app1.py [2ms]
[2024-02-22T05:14:47.537Z] > git check-ignore -v -z --stdin [1ms]
[2024-02-22T05:14:47.809Z] > git status -z -uall [2ms]
[2024-02-22T05:14:47.823Z] > git symbolic-ref --short HEAD [2ms]
[2024-02-22T05:14:47.837Z] > git for-each-ref --format=%(refname)%00%(upstream:short)%00%(objectname)%00%(upstream:track)%00%(upstream:remotename)%00%(upstream:remoteref) refs/heads/main refs/remotes/main [2ms]
[2024-02-22T05:14:47.862Z] > git for-each-ref --sort -committerdate --format %(refname) %(objectname) %(*objectname) [14ms]
[2024-02-22T05:14:47.862Z] > git remote --verbose [1ms]
[2024-02-22T05:14:47.877Z] > git config --get commit.template [1ms]
[2024-02-22T05:15:32.298Z] > git show --textconv :Flask app that displays Hello_World/output [15ms]
[2024-02-22T05:15:32.299Z] > git ls-files --stage -- /config/workspace/Flask app that displays Hello_World/output [2ms]
[2024-02-22T05:15:50.075Z] > git show --textconv :Flask app that displays Hello_World/app1.py [13ms]
[2024-02-22T05:15:50.076Z] > git ls-files --stage -- /config/workspace/Flask app that displays Hello_World/app1.py [2ms]
[2024-02-22T05:15:50.902Z] > git show --textconv :Flask app that displays Hello_World/output [13ms]
[2024-02-22T05:15:50.904Z] > git ls-files --stage -- /config/workspace/Flask app that displays Hello_World/output [2ms]
[2024-02-22T05:17:26.381Z] > git check-ignore -v -z --stdin [2ms]
[2024-02-22T05:17:26.801Z] > git status -z -uall [2ms]
[2024-02-22T05:17:26.815Z] > git symbolic-ref --short HEAD [2ms]
[2024-02-22T05:17:26.828Z] > git for-each-ref --format=%(refname)%00%(upstream:short)%00%(objectname)%00%(upstream:track)%00%(upstream:remotename)%00%(upstream:remoteref) refs/heads/main refs/remotes/main [1ms]
[2024-02-22T05:17:26.853Z] > git for-each-ref --sort -committerdate --format %(refname) %(objectname) %(*objectname) [13ms]
[2024-02-22T05:17:26.854Z] > git remote --verbose [2ms]
[2024-02-22T05:17:26.869Z] > git config --get commit.template [1ms]
[2024-02-22T05:17:32.394Z] > git show --textconv :Flask app that displays Hello_World/output.jpg [14ms]
[2024-02-22T05:17:32.394Z] > git ls-files --stage -- /config/workspace/Flask app that displays Hello_World/output.jpg [1ms]
[2024-02-22T05:17:35.181Z] > git show --textconv :Flask app that displays Hello_World/output.jpg [13ms]
[2024-02-22T05:17:35.182Z] > git ls-files --stage -- /config/workspace/Flask app that displays Hello_World/output.jpg [2ms]
[2024-02-22T05:17:42.646Z] > git show --textconv :Flask app that displays Hello_World/output.jpg [13ms]
[2024-02-22T05:17:42.647Z] > git ls-files --stage -- /config/workspace/Flask app that displays Hello_World/output.jpg [2ms]
[2024-02-22T05:17:45.418Z] > git show --textconv :Flask app that displays Hello_World/output.jpg [13ms]
[2024-02-22T05:17:45.419Z] > git ls-files --stage -- /config/workspace/Flask app that displays Hello_World/output.jpg [2ms]
[2024-02-22T05:18:49.405Z] > git show --textconv :Flask app that displays Hello_World/app1.py [13ms]
[2024-02-22T05:18:49.406Z] > git ls-files --stage -- /config/workspace/Flask app that displays Hello_World/app1.py [2ms]
