code-server (1.71.0, black-tailor-ndann.pwskills.app, server-distro)
Jupyter Extension Version: 2022.8.1002460559.
Python Extension Version: 2022.16.1.
Workspace folder /config/workspace
info 10:38:51.948: ZMQ install verified.
info 10:38:52.685: LSP Notebooks experiment is disabled -- Pylance disabled or not installed
info 10:38:52.726: Process Execution: > jupyter notebook --version
> jupyter notebook --version
info 10:38:52.750: Process Execution: > jupyter lab --version
> jupyter lab --version
info 10:38:53.105: Experiment status for python is {"enabled":true,"optInto":[],"optOutFrom":[]}
info 10:38:53.693: Process Execution: > /bin/python -m pip list
> /bin/python -m pip list
info 10:49:57.57: Shutting down notebooks for 044508d8-62e6-4e81-b1e9-7648bf9deec7
info 10:49:57.57: Disposing HostJupyterExecution fcd859b7-7521-41df-beb2-bccc6917bfba
info 10:49:57.57: Disposing super HostJupyterExecution fcd859b7-7521-41df-beb2-bccc6917bfba
info 10:49:57.57: Disposing HostJupyterExecution fcd859b7-7521-41df-beb2-bccc6917bfba
info 10:49:57.57: Finished disposing HostJupyterExecution  fcd859b7-7521-41df-beb2-bccc6917bfba
info 10:49:57.64: Cleaning up server cache fcd859b7-7521-41df-beb2-bccc6917bfba
info 10:49:57.64: Finished disposing HostJupyterExecution  fcd859b7-7521-41df-beb2-bccc6917bfba
